MPASM 03.80 Released                                 INIT.ASM   9-20-2004  11:52:54         PAGE  1


LOC  OBJECT CODE     LINE SOURCE TEXT
  VALUE

                      00001 #include "P18F458.INC"
                      00001         LIST
                      00002 ; P18F458.INC  Standard Header File, Version 1.10   Microchip Technology, Inc.
                      01571         LIST
                      00002 
                      00003 
                      00004 
                      00005 ;Configuration Byte 4L Options
  0000007F            00006 _DEBUG_ON_4L      EQU  H'7F'    ; Enabled
  000000FF            00007 _DEBUG_OFF_4L     EQU  H'FF'    ; Disabled
                      00008 
  000000FF            00009 _LVP_ON_4L        EQU  H'FF'    ; Enableda
  000000FB            00010 _LVP_OFF_4L       EQU  H'FB'    ; Disabled
                      00011 
  000000FE            00012 _CP_200_1FFF      EQU  H'FE'    ; Disabled
                      00013 
                      00014 
                      00015     ; Configurazione bit
Error[113]  : Symbol not previously defined (_CONFIG1L)
Error[126]  : Argument out of range (not a valid config register address)
                      00016         __CONFIG        _CONFIG1L, _CP_OFF_1L
300000 FEFF           00017         __CONFIG        _CONFIG1H, _OSCS_OFF_1H & _HSPLL_OSC_1H
                      00018         __CONFIG        _CONFIG2L, _BOR_ON_2L & _BORV_27_2L & _PWRT_ON_2L
300002 FFFA           00019         __CONFIG        _CONFIG2H, _WDT_ON_2H & _WDTPS_128_2H
300006 FFFF FFFF      00020         __CONFIG        _CONFIG4L, _STVR_ON_4L & _LVP_OFF_4L
300006 FFFF           00021         __CONFIG        _CONFIG4L, _DEBUG_OFF_4L
300008 FFFE           00022         __CONFIG        _CONFIG5L, _CP_200_1FFF
                      00023         
                      00024 
Warning[205]: Found directive in column 1. (end)
                      00025 end
MPASM 03.80 Released                                 INIT.ASM   9-20-2004  11:52:54         PAGE  2


SYMBOL TABLE
  LABEL                             VALUE 

A                                 00000000
ABAT                              00000004
ACCESS                            00000000
ACKDT                             00000005
ACKEN                             00000004
ACKSTAT                           00000006
ADCON0                            00000FC2
ADCON1                            00000FC1
ADCS0                             00000006
ADCS1                             00000007
ADCS2                             00000006
ADDEN                             00000003
ADFM                              00000007
ADIE                              00000006
ADIF                              00000006
ADIP                              00000006
ADON                              00000000
ADRESH                            00000FC4
ADRESL                            00000FC3
AN0                               00000000
AN1                               00000001
AN2                               00000002
AN3                               00000003
AN4                               00000005
AN5                               00000000
AN6                               00000001
AN7                               00000002
BANKED                            00000001
BCLIE                             00000003
BCLIF                             00000003
BCLIP                             00000003
BF                                00000000
BOR                               00000000
BRGCON1                           00000F70
BRGCON2                           00000F71
BRGCON3                           00000F72
BRGH                              00000002
BRP0                              00000000
BRP1                              00000001
BRP2                              00000002
BRP3                              00000003
BRP4                              00000004
BRP5                              00000005
BSR                               00000FE0
C                                 00000000
C1INM                             00000001
C1INP                             00000000
C1INV                             00000004
C1OUT                             00000006
C2INM                             00000003
C2INP                             00000002
C2INV                             00000005
C2OUT                             00000007
MPASM 03.80 Released                                 INIT.ASM   9-20-2004  11:52:54         PAGE  3


SYMBOL TABLE
  LABEL                             VALUE 

CANCAP                            00000004
CANCON                            00000F6F
CANRX                             00000003
CANSTAT                           00000F6E
CANSTATRO1                        00000F5E
CANSTATRO2                        00000F4E
CANSTATRO3                        00000F3E
CANSTATRO4                        00000F2E
CANTX                             00000002
CCP1                              00000002
CCP1CON                           00000FBD
CCP1IE                            00000002
CCP1IF                            00000002
CCP1IP                            00000002
CCP1M0                            00000000
CCP1M1                            00000001
CCP1M2                            00000002
CCP1M3                            00000003
CCP1X                             00000005
CCP1Y                             00000004
CCPR1H                            00000FBF
CCPR1L                            00000FBE
CFGS                              00000006
CHS0                              00000003
CHS1                              00000004
CHS2                              00000005
CIOCON                            00000F73
CIS                               00000003
CK                                00000006
CKE                               00000006
CKP                               00000004
CLKO                              00000006
CM0                               00000000
CM1                               00000001
CM2                               00000002
CMCON                             00000FB4
CMIE                              00000006
CMIF                              00000006
CMIP                              00000006
COMSTAT                           00000F74
CREN                              00000004
CS                                00000002
CSRC                              00000007
CVR0                              00000000
CVR1                              00000001
CVR2                              00000002
CVR3                              00000003
CVRCON                            00000FB5
CVREF                             00000000
CVREN                             00000007
CVROE                             00000006
CVRR                              00000005
CVRSS                             00000004
MPASM 03.80 Released                                 INIT.ASM   9-20-2004  11:52:54         PAGE  4


SYMBOL TABLE
  LABEL                             VALUE 

D                                 00000005
DATA_ADDRESS                      00000005
DC                                00000001
DC1B0                             00000004
DC1B1                             00000005
DDRA                              TRISA
DDRB                              TRISB
DDRC                              TRISC
DDRD                              TRISD
DDRE                              TRISE
DLC0                              00000000
DLC1                              00000001
DLC2                              00000002
DLC3                              00000003
DONE                              00000002
D_A                               00000005
ECCP1                             00000004
ECCP1CON                          00000FBA
ECCP1DEL                          00000FB7
ECCP1IE                           00000000
ECCP1IF                           00000000
ECCP1IP                           00000000
ECCP1M0                           00000000
ECCP1M1                           00000001
ECCP1M2                           00000002
ECCP1M3                           00000003
ECCPAS                            00000FB6
ECCPAS0                           00000004
ECCPAS1                           00000005
ECCPAS2                           00000006
ECCPASE                           00000007
ECCPR1H                           00000FBC
ECCPR1L                           00000FBB
EDC2B0                            00000004
EDC2B1                            00000005
EEADR                             00000FA9
EECON1                            00000FA6
EECON2                            00000FA7
EEDATA                            00000FA8
EEFS                              00000006
EEIE                              00000004
EEIF                              00000004
EEIP                              00000004
EEPGD                             00000007
EID0                              00000000
EID1                              00000001
EID10                             00000002
EID11                             00000003
EID12                             00000004
EID13                             00000005
EID14                             00000006
EID15                             00000007
EID16                             00000000
MPASM 03.80 Released                                 INIT.ASM   9-20-2004  11:52:54         PAGE  5


SYMBOL TABLE
  LABEL                             VALUE 

EID17                             00000001
EID2                              00000002
EID3                              00000003
EID4                              00000004
EID5                              00000005
EID6                              00000006
EID7                              00000007
EID8                              00000000
EID9                              00000001
ENDRHI                            00000005
EPWM1M0                           00000006
EPWM1M1                           00000007
ERRIE                             00000005
ERRIF                             00000005
ERRIP                             00000005
EWARN                             00000000
EXID                              00000003
EXIDE                             00000003
EXIDEN                            00000003
FAST                              00000001
FERR                              00000002
FILHIT0                           00000000
FILHIT1                           00000001
FILHIT2                           00000002
FREE                              00000004
FSR0                              00000000
FSR0H                             00000FEA
FSR0L                             00000FE9
FSR1                              00000001
FSR1H                             00000FE2
FSR1L                             00000FE1
FSR2                              00000002
FSR2H                             00000FDA
FSR2L                             00000FD9
GCEN                              00000007
GIE                               00000007
GIEH                              00000007
GIEL                              00000006
GO                                00000002
GO_DONE                           00000002
I2C_DAT                           00000005
I2C_READ                          00000002
I2C_START                         00000003
I2C_STOP                          00000004
IBF                               00000007
IBOV                              00000005
ICODE0                            00000001
ICODE1                            00000002
ICODE2                            00000003
INDF0                             00000FEF
INDF1                             00000FE7
INDF2                             00000FDF
INT0                              00000000
MPASM 03.80 Released                                 INIT.ASM   9-20-2004  11:52:54         PAGE  6


SYMBOL TABLE
  LABEL                             VALUE 

INT0E                             00000004
INT0F                             00000001
INT0IE                            00000004
INT0IF                            00000001
INT1                              00000001
INT1E                             00000003
INT1F                             00000000
INT1IE                            00000003
INT1IF                            00000000
INT1IP                            00000006
INT1P                             00000006
INT2E                             00000004
INT2F                             00000001
INT2IE                            00000004
INT2IF                            00000001
INT2IP                            00000007
INT2P                             00000007
INTCON                            00000FF2
INTCON1                           00000FF2
INTCON2                           00000FF1
INTCON3                           00000FF0
INTEDG0                           00000006
INTEDG1                           00000005
IPEN                              00000007
IPR1                              00000F9F
IPR2                              00000FA2
IPR3                              00000FA5
IRXIE                             00000007
IRXIF                             00000007
IRXIP                             00000007
IVRST                             00000005
JTOFF                             00000001
LATA                              00000F89
LATB                              00000F8A
LATC                              00000F8B
LATD                              00000F8C
LATE                              00000F8D
LVDCON                            00000FD2
LVDEN                             00000004
LVDIE                             00000002
LVDIF                             00000002
LVDIN                             00000005
LVDIP                             00000002
LVDL0                             00000000
LVDL1                             00000001
LVDL2                             00000002
LVDL3                             00000003
N                                 00000004
NOT_A                             00000005
NOT_ADDRESS                       00000005
NOT_BOR                           00000000
NOT_CS                            00000002
NOT_DONE                          00000002
MPASM 03.80 Released                                 INIT.ASM   9-20-2004  11:52:54         PAGE  7


SYMBOL TABLE
  LABEL                             VALUE 

NOT_PD                            00000002
NOT_POR                           00000001
NOT_RBPU                          00000007
NOT_RC8                           00000006
NOT_RD                            00000000
NOT_RI                            00000004
NOT_SS                            00000005
NOT_T1SYNC                        00000002
NOT_T3SYNC                        00000002
NOT_TO                            00000003
NOT_TX8                           00000006
NOT_W                             00000002
NOT_WR                            00000001
NOT_WRITE                         00000002
OBF                               00000006
OERR                              00000001
OPMODE0                           00000005
OPMODE1                           00000006
OPMODE2                           00000007
OSC2                              00000006
OSCCON                            00000FD3
OV                                00000003
P                                 00000004
P1A                               00000004
P1B                               00000005
P1C                               00000006
P1D                               00000007
PCFG0                             00000000
PCFG1                             00000001
PCFG2                             00000002
PCFG3                             00000003
PCL                               00000FF9
PCLATH                            00000FFA
PCLATU                            00000FFB
PD                                00000002
PEIE                              00000006
PEN                               00000002
PGC                               00000006
PGD                               00000007
PGM                               00000005
PIE1                              00000F9D
PIE2                              00000FA0
PIE3                              00000FA3
PIR1                              00000F9E
PIR2                              00000FA1
PIR3                              00000FA4
PLUSW0                            00000FEB
PLUSW1                            00000FE3
PLUSW2                            00000FDB
POR                               00000001
PORTA                             00000F80
PORTB                             00000F81
PORTC                             00000F82
MPASM 03.80 Released                                 INIT.ASM   9-20-2004  11:52:54         PAGE  8


SYMBOL TABLE
  LABEL                             VALUE 

PORTD                             00000F83
PORTE                             00000F84
POSTDEC0                          00000FED
POSTDEC1                          00000FE5
POSTDEC2                          00000FDD
POSTINC0                          00000FEE
POSTINC1                          00000FE6
POSTINC2                          00000FDE
PR2                               00000FCB
PREINC0                           00000FEC
PREINC1                           00000FE4
PREINC2                           00000FDC
PRODH                             00000FF4
PRODL                             00000FF3
PRSEG0                            00000000
PRSEG1                            00000001
PRSEG2                            00000002
PSA                               00000003
PSP0                              00000000
PSP1                              00000001
PSP2                              00000002
PSP3                              00000003
PSP4                              00000004
PSP5                              00000005
PSP6                              00000006
PSP7                              00000007
PSPCON                            00000FB0
PSPIE                             00000007
PSPIF                             00000007
PSPIP                             00000007
PSPMODE                           00000004
PSSAC0                            00000002
PSSAC1                            00000003
PSSBD0                            00000000
PSSBD1                            00000001
R                                 00000002
RA0                               00000000
RA1                               00000001
RA2                               00000002
RA3                               00000003
RA4                               00000004
RA5                               00000005
RA6                               00000006
RB0                               00000000
RB0D00                            00000000
RB0D01                            00000001
RB0D02                            00000002
RB0D03                            00000003
RB0D04                            00000004
RB0D05                            00000005
RB0D06                            00000006
RB0D07                            00000007
RB0D10                            00000000
MPASM 03.80 Released                                 INIT.ASM   9-20-2004  11:52:54         PAGE  9


SYMBOL TABLE
  LABEL                             VALUE 

RB0D11                            00000001
RB0D12                            00000002
RB0D13                            00000003
RB0D14                            00000004
RB0D15                            00000005
RB0D16                            00000006
RB0D17                            00000007
RB0D20                            00000000
RB0D21                            00000001
RB0D22                            00000002
RB0D23                            00000003
RB0D24                            00000004
RB0D25                            00000005
RB0D26                            00000006
RB0D27                            00000007
RB0D30                            00000000
RB0D31                            00000001
RB0D32                            00000002
RB0D33                            00000003
RB0D34                            00000004
RB0D35                            00000005
RB0D36                            00000006
RB0D37                            00000007
RB0D40                            00000000
RB0D41                            00000001
RB0D42                            00000002
RB0D43                            00000003
RB0D44                            00000004
RB0D45                            00000005
RB0D46                            00000006
RB0D47                            00000007
RB0D50                            00000000
RB0D51                            00000001
RB0D52                            00000002
RB0D53                            00000003
RB0D54                            00000004
RB0D55                            00000005
RB0D56                            00000006
RB0D57                            00000007
RB0D60                            00000000
RB0D61                            00000001
RB0D62                            00000002
RB0D63                            00000003
RB0D64                            00000004
RB0D65                            00000005
RB0D66                            00000006
RB0D67                            00000007
RB0D70                            00000000
RB0D71                            00000001
RB0D72                            00000002
RB0D73                            00000003
RB0D74                            00000004
RB0D75                            00000005
MPASM 03.80 Released                                 INIT.ASM   9-20-2004  11:52:54         PAGE 10


SYMBOL TABLE
  LABEL                             VALUE 

RB0D76                            00000006
RB0D77                            00000007
RB1                               00000001
RB2                               00000002
RB3                               00000003
RB4                               00000004
RB5                               00000005
RB6                               00000006
RB7                               00000007
RBIE                              00000003
RBIF                              00000000
RBIP                              00000000
RBPU                              00000007
RC0                               00000000
RC1                               00000001
RC2                               00000002
RC3                               00000003
RC4                               00000004
RC5                               00000005
RC6                               00000006
RC7                               00000007
RC8_9                             00000006
RC9                               00000006
RCD8                              00000000
RCEN                              00000003
RCIE                              00000005
RCIF                              00000005
RCIP                              00000005
RCON                              00000FD0
RCREG                             00000FAE
RCSTA                             00000FAB
RD                                00000000
RD0                               00000000
RD1                               00000001
RD16                              00000007
RD2                               00000002
RD3                               00000003
RD4                               00000004
RD5                               00000005
RD6                               00000006
RD7                               00000007
RE0                               00000000
RE1                               00000001
RE2                               00000002
READ_WRITE                        00000002
REC0                              00000000
REC1                              00000001
REC2                              00000002
REC3                              00000003
REC4                              00000004
REC5                              00000005
REC6                              00000006
REC7                              00000007
MPASM 03.80 Released                                 INIT.ASM   9-20-2004  11:52:54         PAGE 11


SYMBOL TABLE
  LABEL                             VALUE 

REQOP0                            00000005
REQOP1                            00000006
REQOP2                            00000007
RESB0                             00000004
RESB1                             00000005
RI                                00000004
RSEN                              00000001
RX                                00000007
RX1OVFL                           00000007
RX2OVFL                           00000006
RX9                               00000006
RX9D                              00000000
RXB0CON                           00000F60
RXB0D0                            00000F66
RXB0D1                            00000F67
RXB0D2                            00000F68
RXB0D3                            00000F69
RXB0D4                            00000F6A
RXB0D5                            00000F6B
RXB0D6                            00000F6C
RXB0D7                            00000F6D
RXB0DBEN                          00000002
RXB0DLC                           00000F65
RXB0EIDH                          00000F63
RXB0EIDL                          00000F64
RXB0IE                            00000000
RXB0IF                            00000000
RXB0IP                            00000000
RXB0OVFL                          00000007
RXB0SIDH                          00000F61
RXB0SIDL                          00000F62
RXB1CON                           00000F50
RXB1D0                            00000F56
RXB1D00                           00000000
RXB1D01                           00000001
RXB1D02                           00000002
RXB1D03                           00000003
RXB1D04                           00000004
RXB1D05                           00000005
RXB1D06                           00000006
RXB1D07                           00000007
RXB1D1                            00000F57
RXB1D10                           00000000
RXB1D11                           00000001
RXB1D12                           00000002
RXB1D13                           00000003
RXB1D14                           00000004
RXB1D15                           00000005
RXB1D16                           00000006
RXB1D17                           00000007
RXB1D2                            00000F58
RXB1D20                           00000000
RXB1D21                           00000001
MPASM 03.80 Released                                 INIT.ASM   9-20-2004  11:52:54         PAGE 12


SYMBOL TABLE
  LABEL                             VALUE 

RXB1D22                           00000002
RXB1D23                           00000003
RXB1D24                           00000004
RXB1D25                           00000005
RXB1D26                           00000006
RXB1D27                           00000007
RXB1D3                            00000F59
RXB1D30                           00000000
RXB1D31                           00000001
RXB1D32                           00000002
RXB1D33                           00000003
RXB1D34                           00000004
RXB1D35                           00000005
RXB1D36                           00000006
RXB1D37                           00000007
RXB1D4                            00000F5A
RXB1D40                           00000000
RXB1D41                           00000001
RXB1D42                           00000002
RXB1D43                           00000003
RXB1D44                           00000004
RXB1D45                           00000005
RXB1D46                           00000006
RXB1D47                           00000007
RXB1D5                            00000F5B
RXB1D50                           00000000
RXB1D51                           00000001
RXB1D52                           00000002
RXB1D53                           00000003
RXB1D54                           00000004
RXB1D55                           00000005
RXB1D56                           00000006
RXB1D57                           00000007
RXB1D6                            00000F5C
RXB1D60                           00000000
RXB1D61                           00000001
RXB1D62                           00000002
RXB1D63                           00000003
RXB1D64                           00000004
RXB1D65                           00000005
RXB1D66                           00000006
RXB1D67                           00000007
RXB1D7                            00000F5D
RXB1D70                           00000000
RXB1D71                           00000001
RXB1D72                           00000002
RXB1D73                           00000003
RXB1D74                           00000004
RXB1D75                           00000005
RXB1D76                           00000006
RXB1D77                           00000007
RXB1DLC                           00000F55
RXB1EIDH                          00000F53
MPASM 03.80 Released                                 INIT.ASM   9-20-2004  11:52:54         PAGE 13


SYMBOL TABLE
  LABEL                             VALUE 

RXB1EIDL                          00000F54
RXB1IE                            00000001
RXB1IF                            00000001
RXB1IP                            00000001
RXB1OVFL                          00000006
RXB1SIDH                          00000F51
RXB1SIDL                          00000F52
RXBP                              00000003
RXERRCNT                          00000F75
RXF0EIDH                          00000F02
RXF0EIDL                          00000F03
RXF0SIDH                          00000F00
RXF0SIDL                          00000F01
RXF1EIDH                          00000F06
RXF1EIDL                          00000F07
RXF1SIDH                          00000F04
RXF1SIDL                          00000F05
RXF2EIDH                          00000F0A
RXF2EIDL                          00000F0B
RXF2SIDH                          00000F08
RXF2SIDL                          00000F09
RXF3EIDH                          00000F0E
RXF3EIDL                          00000F0F
RXF3SIDH                          00000F0C
RXF3SIDL                          00000F0D
RXF4EIDH                          00000F12
RXF4EIDL                          00000F13
RXF4SIDH                          00000F10
RXF4SIDL                          00000F11
RXF5EIDH                          00000F16
RXF5EIDL                          00000F17
RXF5SIDH                          00000F14
RXF5SIDL                          00000F15
RXFUL                             00000007
RXM0                              00000005
RXM0EIDH                          00000F1A
RXM0EIDL                          00000F1B
RXM0SIDH                          00000F18
RXM0SIDL                          00000F19
RXM1                              00000006
RXM1EIDH                          00000F1E
RXM1EIDL                          00000F1F
RXM1SIDH                          00000F1C
RXM1SIDL                          00000F1D
RXRTR                             00000006
RXRTRRO                           00000003
RXWARN                            00000001
R_W                               00000002
S                                 00000003
SAM                               00000006
SCK                               00000003
SCL                               00000003
SCS                               00000000
MPASM 03.80 Released                                 INIT.ASM   9-20-2004  11:52:54         PAGE 14


SYMBOL TABLE
  LABEL                             VALUE 

SDA                               00000004
SDI                               00000004
SDO                               00000005
SEG1PH0                           00000003
SEG1PH1                           00000004
SEG1PH2                           00000005
SEG2PH0                           00000000
SEG2PH1                           00000001
SEG2PH2                           00000002
SEG2PHTS                          00000007
SEN                               00000000
SID0                              00000005
SID1                              00000006
SID10                             00000007
SID2                              00000007
SID3                              00000001
SID4                              00000001
SID5                              00000002
SID6                              00000003
SID7                              00000004
SID8                              00000005
SID9                              00000006
SJW0                              00000006
SJW1                              00000007
SMP                               00000007
SP0                               00000000
SP1                               00000001
SP2                               00000002
SP3                               00000003
SP4                               00000004
SPBRG                             00000FAF
SPEN                              00000007
SREN                              00000005
SRR                               00000004
SS                                00000005
SSPADD                            00000FC8
SSPBUF                            00000FC9
SSPCON1                           00000FC6
SSPCON2                           00000FC5
SSPEN                             00000005
SSPIE                             00000003
SSPIF                             00000003
SSPIP                             00000003
SSPM0                             00000000
SSPM1                             00000001
SSPM2                             00000002
SSPM3                             00000003
SSPOV                             00000006
SSPSTAT                           00000FC7
STATUS                            00000FD8
STKFUL                            00000007
STKPTR                            00000FFC
STKUNF                            00000006
MPASM 03.80 Released                                 INIT.ASM   9-20-2004  11:52:54         PAGE 15


SYMBOL TABLE
  LABEL                             VALUE 

SWDTE                             00000000
SWDTEN                            00000000
SYNC                              00000004
T08BIT                            00000006
T0CKI                             00000004
T0CON                             00000FD5
T0CS                              00000005
T0IE                              00000005
T0IF                              00000002
T0IP                              00000002
T0PS0                             00000000
T0PS1                             00000001
T0PS2                             00000002
T0SE                              00000004
T1CKI                             00000000
T1CKPS0                           00000004
T1CKPS1                           00000005
T1CON                             00000FCD
T1INSYNC                          00000002
T1OSCEN                           00000003
T1OSI                             00000001
T1OSO                             00000000
T1SYNC                            00000002
T2CKPS0                           00000000
T2CKPS1                           00000001
T2CON                             00000FCA
T3CCP1                            00000003
T3CKPS0                           00000004
T3CKPS1                           00000005
T3CON                             00000FB1
T3ECCP1                           00000006
T3INSYNC                          00000002
T3SYNC                            00000002
TABLAT                            00000FF5
TBB1D23                           00000003
TBLPTRH                           00000FF7
TBLPTRL                           00000FF6
TBLPTRU                           00000FF8
TEC0                              00000000
TEC1                              00000001
TEC2                              00000002
TEC3                              00000003
TEC4                              00000004
TEC5                              00000005
TEC6                              00000006
TEC7                              00000007
TMR0H                             00000FD7
TMR0IE                            00000005
TMR0IF                            00000002
TMR0IP                            00000002
TMR0L                             00000FD6
TMR0ON                            00000007
TMR1CS                            00000001
MPASM 03.80 Released                                 INIT.ASM   9-20-2004  11:52:54         PAGE 16


SYMBOL TABLE
  LABEL                             VALUE 

TMR1H                             00000FCF
TMR1IE                            00000000
TMR1IF                            00000000
TMR1IP                            00000000
TMR1L                             00000FCE
TMR1ON                            00000000
TMR2                              00000FCC
TMR2IE                            00000001
TMR2IF                            00000001
TMR2IP                            00000001
TMR2ON                            00000002
TMR3CS                            00000001
TMR3H                             00000FB3
TMR3IE                            00000001
TMR3IF                            00000001
TMR3IP                            00000001
TMR3L                             00000FB2
TMR3ON                            00000000
TO                                00000003
TOSH                              00000FFE
TOSL                              00000FFD
TOSU                              00000FFF
TOUTPS0                           00000003
TOUTPS1                           00000004
TOUTPS2                           00000005
TOUTPS3                           00000006
TRISA                             00000F92
TRISB                             00000F93
TRISC                             00000F94
TRISD                             00000F95
TRISE                             00000F96
TRMT                              00000001
TX                                00000006
TX8_9                             00000006
TX9                               00000006
TX9D                              00000000
TXABT                             00000006
TXB0CON                           00000F40
TXB0D0                            00000F46
TXB0D00                           00000000
TXB0D01                           00000001
TXB0D02                           00000002
TXB0D03                           00000003
TXB0D04                           00000004
TXB0D05                           00000005
TXB0D06                           00000006
TXB0D07                           00000007
TXB0D1                            00000F47
TXB0D10                           00000000
TXB0D11                           00000001
TXB0D12                           00000002
TXB0D13                           00000003
TXB0D14                           00000004
MPASM 03.80 Released                                 INIT.ASM   9-20-2004  11:52:54         PAGE 17


SYMBOL TABLE
  LABEL                             VALUE 

TXB0D15                           00000005
TXB0D16                           00000006
TXB0D17                           00000007
TXB0D2                            00000F48
TXB0D20                           00000000
TXB0D21                           00000001
TXB0D22                           00000002
TXB0D23                           00000003
TXB0D24                           00000004
TXB0D25                           00000005
TXB0D26                           00000006
TXB0D27                           00000007
TXB0D3                            00000F49
TXB0D30                           00000000
TXB0D31                           00000001
TXB0D32                           00000002
TXB0D33                           00000003
TXB0D34                           00000004
TXB0D35                           00000005
TXB0D36                           00000006
TXB0D37                           00000007
TXB0D4                            00000F4A
TXB0D40                           00000000
TXB0D41                           00000001
TXB0D42                           00000002
TXB0D43                           00000003
TXB0D44                           00000004
TXB0D45                           00000005
TXB0D46                           00000006
TXB0D47                           00000007
TXB0D5                            00000F4B
TXB0D50                           00000000
TXB0D51                           00000001
TXB0D52                           00000002
TXB0D53                           00000003
TXB0D54                           00000004
TXB0D55                           00000005
TXB0D56                           00000006
TXB0D57                           00000007
TXB0D6                            00000F4C
TXB0D60                           00000000
TXB0D61                           00000001
TXB0D62                           00000002
TXB0D63                           00000003
TXB0D64                           00000004
TXB0D65                           00000005
TXB0D66                           00000006
TXB0D67                           00000007
TXB0D7                            00000F4D
TXB0D70                           00000000
TXB0D71                           00000001
TXB0D72                           00000002
TXB0D73                           00000003
MPASM 03.80 Released                                 INIT.ASM   9-20-2004  11:52:54         PAGE 18


SYMBOL TABLE
  LABEL                             VALUE 

TXB0D74                           00000004
TXB0D75                           00000005
TXB0D76                           00000006
TXB0D77                           00000007
TXB0DLC                           00000F45
TXB0EIDH                          00000F43
TXB0EIDL                          00000F44
TXB0IE                            00000002
TXB0IF                            00000002
TXB0IP                            00000002
TXB0SIDH                          00000F41
TXB0SIDL                          00000F42
TXB1CON                           00000F30
TXB1D0                            00000F36
TXB1D00                           00000000
TXB1D01                           00000001
TXB1D02                           00000002
TXB1D03                           00000003
TXB1D04                           00000004
TXB1D05                           00000005
TXB1D06                           00000006
TXB1D07                           00000007
TXB1D1                            00000F37
TXB1D10                           00000000
TXB1D11                           00000001
TXB1D12                           00000002
TXB1D13                           00000003
TXB1D14                           00000004
TXB1D15                           00000005
TXB1D16                           00000006
TXB1D17                           00000007
TXB1D2                            00000F38
TXB1D20                           00000000
TXB1D21                           00000001
TXB1D22                           00000002
TXB1D24                           00000004
TXB1D25                           00000005
TXB1D26                           00000006
TXB1D27                           00000007
TXB1D3                            00000F39
TXB1D30                           00000000
TXB1D31                           00000001
TXB1D32                           00000002
TXB1D33                           00000003
TXB1D34                           00000004
TXB1D35                           00000005
TXB1D36                           00000006
TXB1D37                           00000007
TXB1D4                            00000F3A
TXB1D40                           00000000
TXB1D41                           00000001
TXB1D42                           00000002
TXB1D43                           00000003
MPASM 03.80 Released                                 INIT.ASM   9-20-2004  11:52:54         PAGE 19


SYMBOL TABLE
  LABEL                             VALUE 

TXB1D44                           00000004
TXB1D45                           00000005
TXB1D46                           00000006
TXB1D47                           00000007
TXB1D5                            00000F3B
TXB1D50                           00000000
TXB1D51                           00000001
TXB1D52                           00000002
TXB1D53                           00000003
TXB1D54                           00000004
TXB1D55                           00000005
TXB1D56                           00000006
TXB1D57                           00000007
TXB1D6                            00000F3C
TXB1D60                           00000000
TXB1D61                           00000001
TXB1D62                           00000002
TXB1D63                           00000003
TXB1D64                           00000004
TXB1D65                           00000005
TXB1D66                           00000006
TXB1D67                           00000007
TXB1D7                            00000F3D
TXB1D70                           00000000
TXB1D71                           00000001
TXB1D72                           00000002
TXB1D73                           00000003
TXB1D74                           00000004
TXB1D75                           00000005
TXB1D76                           00000006
TXB1D77                           00000007
TXB1DLC                           00000F35
TXB1EIDH                          00000F33
TXB1EIDL                          00000F34
TXB1IE                            00000003
TXB1IF                            00000003
TXB1IP                            00000003
TXB1SIDH                          00000F31
TXB1SIDL                          00000F32
TXB2CON                           00000F20
TXB2D0                            00000F26
TXB2D00                           00000000
TXB2D01                           00000001
TXB2D02                           00000002
TXB2D03                           00000003
TXB2D04                           00000004
TXB2D05                           00000005
TXB2D06                           00000006
TXB2D07                           00000007
TXB2D1                            00000F27
TXB2D10                           00000000
TXB2D11                           00000001
TXB2D12                           00000002
MPASM 03.80 Released                                 INIT.ASM   9-20-2004  11:52:54         PAGE 20


SYMBOL TABLE
  LABEL                             VALUE 

TXB2D13                           00000003
TXB2D14                           00000004
TXB2D15                           00000005
TXB2D16                           00000006
TXB2D17                           00000007
TXB2D2                            00000F28
TXB2D20                           00000000
TXB2D21                           00000001
TXB2D22                           00000002
TXB2D23                           00000003
TXB2D24                           00000004
TXB2D25                           00000005
TXB2D26                           00000006
TXB2D27                           00000007
TXB2D3                            00000F29
TXB2D30                           00000000
TXB2D31                           00000001
TXB2D32                           00000002
TXB2D33                           00000003
TXB2D34                           00000004
TXB2D35                           00000005
TXB2D36                           00000006
TXB2D37                           00000007
TXB2D4                            00000F2A
TXB2D40                           00000000
TXB2D41                           00000001
TXB2D42                           00000002
TXB2D43                           00000003
TXB2D44                           00000004
TXB2D45                           00000005
TXB2D46                           00000006
TXB2D47                           00000007
TXB2D5                            00000F2B
TXB2D50                           00000000
TXB2D51                           00000001
TXB2D52                           00000002
TXB2D53                           00000003
TXB2D54                           00000004
TXB2D55                           00000005
TXB2D56                           00000006
TXB2D57                           00000007
TXB2D6                            00000F2C
TXB2D60                           00000000
TXB2D61                           00000001
TXB2D62                           00000002
TXB2D63                           00000003
TXB2D64                           00000004
TXB2D65                           00000005
TXB2D66                           00000006
TXB2D67                           00000007
TXB2D7                            00000F2D
TXB2D70                           00000000
TXB2D71                           00000001
MPASM 03.80 Released                                 INIT.ASM   9-20-2004  11:52:54         PAGE 21


SYMBOL TABLE
  LABEL                             VALUE 

TXB2D72                           00000002
TXB2D73                           00000003
TXB2D74                           00000004
TXB2D75                           00000005
TXB2D76                           00000006
TXB2D77                           00000007
TXB2DLC                           00000F25
TXB2EIDH                          00000F23
TXB2EIDL                          00000F24
TXB2IE                            00000004
TXB2IF                            00000004
TXB2IP                            00000004
TXB2SIDH                          00000F21
TXB2SIDL                          00000F22
TXBO                              00000005
TXBP                              00000004
TXD8                              00000000
TXEN                              00000005
TXERR                             00000004
TXERRCNT                          00000F76
TXIE                              00000004
TXIF                              00000004
TXIP                              00000004
TXLARB                            00000005
TXPRI0                            00000000
TXPRI1                            00000001
TXREG                             00000FAD
TXREQ                             00000003
TXRTR                             00000006
TXSTA                             00000FAC
TXWARN                            00000002
UA                                00000001
VREFM                             00000002
VREFP                             00000003
W                                 00000000
WAKFIL                            00000006
WAKIE                             00000006
WAKIF                             00000006
WAKIP                             00000006
WCOL                              00000007
WDTCON                            00000FD1
WIN0                              00000001
WIN1                              00000002
WIN2                              00000003
WR                                00000001
WREG                              00000FE8
WREN                              00000002
WRERR                             00000003
Z                                 00000002
_BORV_25_2L                       000000FF
_BORV_27_2L                       000000FB
_BORV_42_2L                       000000F7
_BORV_45_2L                       000000F3
MPASM 03.80 Released                                 INIT.ASM   9-20-2004  11:52:54         PAGE 22


SYMBOL TABLE
  LABEL                             VALUE 

_BOR_OFF_2L                       000000FD
_BOR_ON_2L                        000000FF
_CONFIG1H                         00300001
_CONFIG2H                         00300003
_CONFIG2L                         00300002
_CONFIG4L                         00300006
_CONFIG5H                         00300009
_CONFIG5L                         00300008
_CONFIG6H                         0030000B
_CONFIG6L                         0030000A
_CONFIG7H                         0030000D
_CONFIG7L                         0030000C
_CP0_OFF_5L                       000000FF
_CP0_ON_5L                        000000FE
_CP1_OFF_5L                       000000FF
_CP1_ON_5L                        000000FD
_CP2_OFF_5L                       000000FF
_CP2_ON_5L                        000000FB
_CP3_OFF_5L                       000000FF
_CP3_ON_5L                        000000F7
_CPB_OFF_5H                       000000FF
_CPB_ON_5H                        000000BF
_CPD_OFF_5H                       000000FF
_CPD_ON_5H                        0000007F
_CP_200_1FFF                      000000FE
_DEBUG_OFF_4L                     000000FF
_DEBUG_ON_4L                      0000007F
_DEVID1                           003FFFFE
_DEVID2                           003FFFFF
_EBTR0_OFF_7L                     000000FF
_EBTR0_ON_7L                      000000FE
_EBTR1_OFF_7L                     000000FF
_EBTR1_ON_7L                      000000FD
_EBTR2_OFF_7L                     000000FF
_EBTR2_ON_7L                      000000FB
_EBTR3_OFF_7L                     000000FF
_EBTR3_ON_7L                      000000F7
_EBTRB_OFF_7H                     000000FF
_EBTRB_ON_7H                      000000BF
_ECIO_OSC_1H                      000000FD
_EC_OSC_1H                        000000FC
_HSPLL_OSC_1H                     000000FE
_HS_OSC_1H                        000000FA
_IDLOC0                           00200000
_IDLOC1                           00200001
_IDLOC2                           00200002
_IDLOC3                           00200003
_IDLOC4                           00200004
_IDLOC5                           00200005
_IDLOC6                           00200006
_IDLOC7                           00200007
_LP_OSC_1H                        000000F8
_LVP_OFF_4L                       000000FB
MPASM 03.80 Released                                 INIT.ASM   9-20-2004  11:52:54         PAGE 23


SYMBOL TABLE
  LABEL                             VALUE 

_LVP_ON_4L                        000000FF
_OSCS_OFF_1H                      000000FF
_OSCS_ON_1H                       000000DF
_PWRT_OFF_2L                      000000FF
_PWRT_ON_2L                       000000FE
_RCIO_OSC_1H                      000000FF
_RC_OSC_1H                        000000FB
_STVR_OFF_4L                      000000FE
_STVR_ON_4L                       000000FF
_WDTPS_128_2H                     000000FF
_WDTPS_16_2H                      000000F9
_WDTPS_1_2H                       000000F1
_WDTPS_2_2H                       000000F3
_WDTPS_32_2H                      000000FB
_WDTPS_4_2H                       000000F5
_WDTPS_64_2H                      000000FD
_WDTPS_8_2H                       000000F7
_WDT_OFF_2H                       000000FE
_WDT_ON_2H                        000000FF
_WRT0_OFF_6L                      000000FF
_WRT0_ON_6L                       000000FE
_WRT1_OFF_6L                      000000FF
_WRT1_ON_6L                       000000FD
_WRT2_OFF_6L                      000000FF
_WRT2_ON_6L                       000000FB
_WRT3_OFF_6L                      000000FF
_WRT3_ON_6L                       000000F7
_WRTB_OFF_6H                      000000FF
_WRTB_ON_6H                       000000BF
_WRTC_OFF_6H                      000000FF
_WRTC_ON_6H                       000000DF
_WRTD_OFF_6H                      000000FF
_WRTD_ON_6H                       0000007F
_XT_OSC_1H                        000000F9
__18F458                          00000001

Errors   :     2
Warnings :     1 reported,     0 suppressed
Messages :     0 reported,     0 suppressed

