MPASM  4.02 Released                       REMOTE CONTROL.ASM   10-18-2005  20:15:52         PAGE  1


LOC  OBJECT CODE     LINE SOURCE TEXT
  VALUE

                      00001 ;------------------------------------------------------------
                      00002 ; SIMULATORE HCS 200 - 300 - 301
                      00003 ;       SU PIC 16F91X 40 PIN
                      00004 ;
                      00005 
                      00006 ;------------------------------------------------------------
                      00007 
                      00008 ;*      *       *       *       *       *       *
                      00009 #DEFINE PIC916  1               ;COMMENTARE SE IL PIC DEFINITO NON E' IN USO
                      00010 
                      00011 
                      00012         IFDEF   PIC916
                      00013         #INCLUDE        "P16F916.INC"
                      00001         LIST
                      00002 ; P16F916.INC  Standard Header File, Version 1.00    Microchip Technology, Inc.
                      00726         LIST
2007   3FAA           00014         __CONFIG        _CP_ON & _PWRTE_ON & _WDT_ON & _MCLRE_ON & _HS_OSC
                      00015         ENDIF
                      00016 
                      00017 
                      00018 #INCLUDE        "PARAMETR.INC"
                      00001 ;******************************************************************
                      00002 ; DEBUGGING KEY DEFINITION
                      00003 ;
                      00004 ;#DEFINE        KEY_ALBANO      1
                      00005 
                      00006         IFDEF   KEY_ALBANO
                      00007 KEY1_HI EQU     0x41            ;A      KEY DEFINITION
                      00008 KEY2    EQU     0x6C            ;l
                      00009 KEY3    EQU     0x62            ;b
                      00010 KEY4    EQU     0x61            ;a
                      00011 KEY5    EQU     0x6E            ;n
                      00012 KEY6    EQU     0x6F            ;o
                      00013 KEY7    EQU     0x45            ;E
                      00014 KEY8_LO EQU     0x6C            ;l
                      00015         ENDIF
                      00016 
                      00017         IFDEF   NO_COMMENT
                      00018 #DEFINE KEY643  H'416C'         ;Al     KEY DEFINITION
                      00019 #DEFINE KEY642  H'6261'         ;ba
                      00020 #DEFINE KEY641  H'6E6F'         ;no
                      00021 #DEFINE KEY640  H'4562'         ;El
                      00022         ENDIF
                      00023 
                      00024 #DEFINE KEY_DEFAULT     1
                      00025 
                      00026         IFDEF   KEY_DEFAULT
  00000000            00027 KEY1_HI EQU     0x00
  00000000            00028 KEY2    EQU     0x00
  00000000            00029 KEY3    EQU     0x00
  00000000            00030 KEY4    EQU     0x00
  00000000            00031 KEY5    EQU     0x00
  00000000            00032 KEY6    EQU     0x00
MPASM  4.02 Released                       REMOTE CONTROL.ASM   10-18-2005  20:15:52         PAGE  2


LOC  OBJECT CODE     LINE SOURCE TEXT
  VALUE

  00000000            00033 KEY7    EQU     0x00
  00000000            00034 KEY8_LO EQU     0x00
                      00035         ENDIF
                      00036 
                      00037 ;******************************************************************
                      00038 
                      00039 #DEFINE SEED_ALBANO     1
                      00040         
                      00041         IFDEF   SEED_ALBANO
  0000414C            00042 SEED_HI EQU     414CH           ;AL     SEED DEFINITION
  00004241            00043 SEED_LO EQU     4241H           ;BA
                      00044         ENDIF
                      00045 
                      00046 ;******************************************************************
  000001F4            00047 PRIMA_FINESTRA          EQU     .500            ;IN PASSI DEL ROLLING CODE (MAX SECONDA_FINESTRA - 1)
  00001388            00048 SECONDA_FINESTRA        EQU     .5000   ;IN PASSI DEL ROLLING CODE (MAX 65 535)
                      00049 ;******************************************************************
                      00050 
                      00051 ;******************************************************************
  00000006            00052 MANTENIMENTO_RELE       EQU     .6      ;IN DECIMI DI SECONDO (MAX 256)
                      00053 ;******************************************************************
                      00054 
                      00055 ;******************************************************************
  00000005            00056 TEMPO_RESET             EQU     .5      ;IN SECONDI (MAX 128)
                      00057 ;******************************************************************
                      00058 
                      00059 ;******************************************************************
  0000000F            00060 TEMPO_LEARN             EQU     .15     ;IN SECONDI (MAX 25)
                      00061 ;******************************************************************
                      00062 
                      00063 ;******************************************************************
  00000096            00064 T_LEARN                 EQU     TEMPO_LEARN*.10
                      00065 ;******************************************************************
                      00066 
                      00019 
                      00020 ;***************************************************************************
                      00021 
                      00022 
                      00023 ;*** MACROS ***
                      00024 
                      00025         ERRORLEVEL      -302
                      00026 
                      00027 #DEFINE BANK1   BSF     STATUS,RP0
                      00028 #DEFINE BANK0   BCF     STATUS,RP0
                      00029 
                      00030 #DEFINE RAM1    BSF     STATUS,RP0
                      00031 #DEFINE RAM0    BCF     STATUS,RP0
                      00032 
                      00033 #DEFINE RAM_1   BSF     STATUS,RP0
                      00034 #DEFINE RAM_0   BCF     STATUS,RP0
                      00035 
                      00036 #DEFINE SET             BSF
                      00037 #DEFINE CANC            BCF
MPASM  4.02 Released                       REMOTE CONTROL.ASM   10-18-2005  20:15:52         PAGE  3


LOC  OBJECT CODE     LINE SOURCE TEXT
  VALUE

                      00038 
                      00039 #DEFINE SC              BTFSC
                      00040 #DEFINE SS              BTFSS
                      00041 
                      00042 #DEFINE IFSET           BTFSC
                      00043 #DEFINE IFCANC          BTFSS
                      00044 
                      00045 #DEFINE SKPB            SKPNC
                      00046 #DEFINE SKPNB           SKPC
                      00047 
                      00048 #DEFINE FW              MOVFW
                      00049 #DEFINE WF              MOVWF
                      00050 
                      00051 #DEFINE LW              MOVLW
                      00052 
                      00053 
                      00054 ;*** ORIGINI ***
0000                  00055         ORG     0X00
0000   2818           00056         B       START
                      00057 
0004                  00058         ORG     0X04
0004   00FF           00059 PUSH    WF      BI_WREG         ;COPIA DEL WREG
0005   0803           00060         MOVFW   STATUS          ;COPIA DELLO STATUS
0006   1283           00061         BANK0
0007   00A1           00062         MOVWF   BI_STATUS
0008   2890           00063         B       INTERRUPT
                      00064 
                      00065 ;------------------------------------------------------------
                      00066 ;================ REMOTE - PINOUT ================
                      00067 ;
                      00068 ;                                       PIC16F91X
                      00069 ;                        ____________________  ___________________________
                      00070 ;MCLR -         MCLR    | 1 MCLR/VPP/RE3     \/ RB7/ICSPDAT/SEG13       40| GREEN LED - OUT
                      00071 ; -                     | 2 RA0/AN0/SEG12       RB6/ICSPCLK/SEG14       39| BACKLIGHT - OUT
                      00072 ;SEG7 -         SEG7    | 3 RA1/AN1/SEG7                RB5/COM1        38| COM1 -              COM1
                      00073 ;COM2 -         COM2    | 4 RA2/AN2/VREF-/COM2          RB4/COM0        37| COM0 -              COM0
                      00074 ;ENABLE PB -    OUT     | 5 RA3/AN3/VREF+/SEG15         RB3/SEG3        36| SEG3 -              SEG3
                      00075 ;SEG4 -         SEG4    | 6 RA4/SEG4                    RB2/SEG2        35| SEG2 -              SEG2
                      00076 ;SEG5 -         SEG5    | 7 RA5/AN4/SEG5                RB1/SEG1        34| SEG1 -              SEG1
                      00077 ;-                      | 8 RE0/AN5/SEG21               RB0/INT0/SEG0   33| SEG0 -              SEG0
                      00078 ;SW1 -          IN      | 9 RE1/AN6/SEG22                       VDD     32|
                      00079 ;LOW BATT -     AN7     |10 RE2/AN7/SEG23                       VSS     31|
                      00080 ;                       |11 VDD                         RD7/SEG20       30| TX RF -             OUT
                      00081 ;                       |12 VSS                         RD6/SEG19       29| 
                      00082 ;T1OSI -        T1OSI   |13 OSC1/CLKI/RA7/T1OSI         RD5/SEG18       28| PB5 -                       
                            IN
                      00083 ;T1OSO -        T1OSO   |14 OSC2/CLKO/RA6/T1OSO         RD4/SEG17       27| PB4 -                       
                            IN
                      00084 ;VLCD1 -        VLCD1   |15 RC0/VLCD1                   RC7/SEG8        26| SEG8 -              SEG8
                      00085 ;VLCD2 -        VLCD2   |16 RC1/VLCD2                   RC6/SEG9        25| SEG9 -              SEG9
                      00086 ;VLCD3 -        VLCD3   |17 RC2/VLCD3           RC5/T1CKI/CCP1/SEG10    24| SEG10 -             SEG10
                      00087 ;SEG6 -         SEG6    |18 RC3/SEG6                    RC4/SEG11       23| SEG11 -             SEG11
                      00088 ;COM3 -         COM3    |19 RD0/COM3                    RD3/SEG16       22| PB3 -                       
MPASM  4.02 Released                       REMOTE CONTROL.ASM   10-18-2005  20:15:52         PAGE  4


LOC  OBJECT CODE     LINE SOURCE TEXT
  VALUE

                            IN
                      00089 ;PB1 -          IN      |20 RD1                         RD2/CCP2        21| PB2 -                       
                            IN
                      00090 ;                        --------------------------------------------------
                      00091 
                      00092 
                      00093 ;*** PORTD ***
                      00094 #DEFINE TX_RF   PORTD,7 ;
                      00095 
                      00096 
                      00097 ;*** INTCON ***
                      00098 #DEFINE _INTE   INTCON,INTE
                      00099 #DEFINE _INTF   INTCON,INTF
                      00100 #DEFINE _GIE    INTCON,GIE
                      00101 #DEFINE _T0IE   INTCON,T0IE
                      00102 #DEFINE _T0IF   INTCON,T0IF
                      00103 #DEFINE _PEIE   INTCON,PEIE
                      00104 
                      00105 
                      00106 ;*** PIE1 ***
                      00107 #DEFINE _TMR1IE PIE1,TMR1IE
                      00108 #DEFINE _CCP1IE PIE1,CCP1IE     
                      00109 
                      00110 
                      00111 ;*** PIR1 ***
                      00112 #DEFINE _TMR1IF PIR1,TMR1IF
                      00113 #DEFINE _RCIF   PIR1,RCIF
                      00114 #DEFINE _CCP1IF PIR1,CCP1IF     
                      00115 
                      00116 
                      00117 ;*** T1CON ***
                      00118 #DEFINE _TMR1ON T1CON,TMR1ON
                      00119 
                      00120 
                      00121 ;*** STATUS ***
                      00122 #DEFINE _C      STATUS,C
                      00123 #DEFINE _IRP    STATUS,IRP
                      00124 
                      00125 
                      00126 ;*****************************************************************************************
                      00127 
                      00128 ;----------------------------------------------------------------
                      00129 ;
                      00130 ; CODE COMPOSITION INTO TRASMISSION BUFFER
                      00131 ;
                      00132 ;BUFFER1        BIT 7÷5         0       RESERVED, FORCED TO ZERO
                      00133 ;BUFFER1        BIT 4           0÷1     LEFT/RIGHT SIDE
                      00134 ;BUFFER1        BIT 3÷0         0÷F     SERIAL NUMBER HIGH
                      00135 
                      00136 ;BUFFER2        BIT 7÷0         00÷FF   SERIAL NUMBER
                      00137 
                      00138 ;BUFFER3        BIT 7÷0         00÷FF   SERIAL NUMBER
                      00139 
MPASM  4.02 Released                       REMOTE CONTROL.ASM   10-18-2005  20:15:52         PAGE  5


LOC  OBJECT CODE     LINE SOURCE TEXT
  VALUE

                      00140 ;BUFFER4        BIT 7÷0         00÷FF   SERIAL NUMBER LOW
                      00141 
                      00142 ;BUFFER5        BIT 7÷3         00÷0A   LEVEL CODE
                      00143 ;BUFFER5        BIT 2           0÷1     BEEPER
                      00144 ;BUFFER5        BIT 1÷0         0       PADDING
                      00145 
                      00146 ;BUFFER6        BIT 7÷0         00÷FF   CHECKSUM
                      00147 
                      00148 
                      00149 ;*****************************************************************************************
                      00150 
                      00151 ; DEFINIZIONE DELLE LOCAZIONI RAM
  0000007F            00152 BI_WREG         EQU     0x7F
                      00153 
                      00154 ;*** LOCALI ***
                      00155 
                      00156 
                      00157 ;*** GLOBALI ***
                      00158         CBLOCK 020H
                      00159 ; FLAG DI ABILITAZIONE E SEGNALAZIONE
  00000020            00160 FLAGS
                      00161 ;FLAGS2
                      00162 ;FLAGS3
                      00163 ;FLAGS4
                      00164 
                      00165 ; SALVATAGGIO PARAMETRI IN INTERRUPT
  00000021            00166 BI_STATUS
                      00167 
                      00168 ;N_PASSAGGI
                      00169         ENDC
                      00170 
Error[113]  : Symbol not previously defined (N_PASSAGGI)
  00000000            00171 FINE_RAM_0      EQU     N_PASSAGGI
                      00172 
                      00173 
                      00174 ;*** FLAGS ***
                      00175 #DEFINE RICEVUTO_HCS    FLAGS,0         ;
                      00176 #DEFINE fineRX          FLAGS,2         ;
                      00177 
                      00178 
                      00179         IFDEF   NO_COMMENT
                      00180 #DEFINE                 FLAGS,1         ;
                      00181 #DEFINE                 FLAGS,2         ;
                      00182 #DEFINE                 FLAGS,3         ;
                      00183 #DEFINE                 FLAGS,4         ;
                      00184 #DEFINE                 FLAGS,5         ;
                      00185 #DEFINE                 FLAGS,6         ;
                      00186 #DEFINE                 FLAGS,7         ;
                      00187 
                      00188 ;*** FLAGS2 ***
                      00189 #DEFINE                 FLAGS2,0        ;
                      00190 #DEFINE                 FLAGS2,1        ;
                      00191 #DEFINE                 FLAGS2,2        ;
MPASM  4.02 Released                       REMOTE CONTROL.ASM   10-18-2005  20:15:52         PAGE  6


LOC  OBJECT CODE     LINE SOURCE TEXT
  VALUE

                      00192 #DEFINE                 FLAGS2,3        ;
                      00193 #DEFINE                 FLAGS2,4        ;
                      00194 #DEFINE                 FLAGS2,5        ;
                      00195 #DEFINE                 FLAGS2,6        ;
                      00196 #DEFINE                 FLAGS2,7        ;
                      00197 
                      00198 ;*** FLAGS3 ***
                      00199 #DEFINE                 FLAGS3,0
                      00200 #DEFINE                 FLAGS3,1
                      00201 #DEFINE                 FLAGS3,2
                      00202 #DEFINE                 FLAGS3,3
                      00203 #DEFINE                 FLAGS3,4
                      00204 #DEFINE                 FLAGS3,5
                      00205 #DEFINE                 FLAGS3,6
                      00206 #DEFINE                 FLAGS3,7
                      00207 
                      00208 ;*** FLAGS4 ***
                      00209 #DEFINE                 FLAGS4,0        ;
                      00210 #DEFINE                 FLAGS4,1        ;
                      00211 #DEFINE                 FLAGS4,2        ;
                      00212 #DEFINE                 FLAGS4,3        ;
                      00213 #DEFINE                 FLAGS4,4        ;
                      00214 #DEFINE                 FLAGS4,5        ;
                      00215 #DEFINE                 FLAGS4,6        ;
                      00216 #DEFINE                 FLAGS4,7        ;
                      00217         ENDIF
                      00218 
                      00219 
                      00220 ;------------------------------------------------------------
                      00221 
                      00222 
                      00223 ;------------------------------------------------------------
                      00224 ; TABELLA DEL CRYPT (DEVE STARE IN PAGINA ZERO)
0009   018A           00225 TABLE   CLRF    PCLATH
000A   0782           00226         ADDWF   PCL,F
000B   342E           00227         RETLW   02EH            ; BITS 4:3 WERE 00
000C   3474           00228         RETLW   074H            ; BITS 4:3 WERE 01
000D   345C           00229         RETLW   05CH            ; BITS 4:3 WERE 10
000E   343A           00230         RETLW   03AH            ; BITS 4:3 WERE 11
                      00231 ;------------------------------------------------------------
                      00232 
                      00233 
                      00234 ;------------------------------------------------------------
                      00235 ; INIZIALIZZAZIONE DI TUTTE LE PORTE E DEL REGISTRO DI OPTION
                      00236 ;
000F                  00237 INITPORTS
000F   1683           00238         BANK1
                      00239 
                      00240         ;PORTA                  ;RA7    RA6     RA5     RA4     RA3     RA2     RA1     RA0
0010   3000           00241         MOVLW   0H              ;X      X       X       X       X       X       X       X
0011   0085           00242         MOVWF   TRISA
                      00243 
                      00244         ;PORTB                  ;RB7    RB6     RB5     RB4     RB3     RB2     RB1     RB0
MPASM  4.02 Released                       REMOTE CONTROL.ASM   10-18-2005  20:15:52         PAGE  7


LOC  OBJECT CODE     LINE SOURCE TEXT
  VALUE

0012   3002           00245         MOVLW   02H             ;X      X       X       O       O       O       I       X
0013   0086           00246         MOVWF   TRISB
                      00247 
                      00248 
                      00249 ;MANCANO:       PORTC, PORTD, PORTE
                      00250 
                      00251 
0014   3080           00252         MOVLW   B'10000000'     ;PULL-UPS DISABLED, INTERNAL CLOCK,
0015   0081           00253         MOVWF   OPTION_REG      ;       TMR0 PRESCALE 1:2
0016   1283           00254         BANK0
                      00255 
0017   3400           00256         RETLW   0
                      00257 ;------------------------------------------------------------
                      00258 
                      00259 
                      00260 ;======================================================
                      00261 ;*******************
0018   0064           00262 START   CLRWDT
0019   018B           00263         CLRF    INTCON
                      00264 
                      00265 
                      00266 ;CHECK X POWER-UP RESET
001A   0185           00267         CLRF    PORTA           ;ABBASSO TUTTE LE USCITE
001B   0186           00268         CLRF    PORTB
                      00269 
001C   200F           00270         CALL    INITPORTS       ;INIT DIREZIONE PORTE
                      00271 
001D   0185           00272         CLRF    PORTA           ;ABBASSO TUTTE LE USCITE
001E   0186           00273         CLRF    PORTB
                      00274 
                      00275 ;PULIZIA RAM 
001F   202C           00276         CALL    CLEAR_RAM_0
0020   2035           00277         CALL    CLEAR_RAM_1
                      00278 
                      00279 ;Lancio gli interrupt non mascherati
0021                  00280 lanciaInterrupt
0021   30E0           00281         MOVLW   0E0H
0022   008B           00282         MOVWF   INTCON
                      00283 
                      00284 
0023   283E           00285 ST_X    B       MAIN_LOOP
                      00286 ;==================================
                      00287 
                      00288 
                      00289 ;======================================================
                      00290 ;void StartupUART(WREG)
                      00291 ;Inizializzazione ed avvio UART, no parity, passato il valore dell'SPBRG per il baud rate voluto
                      00292 
0024                  00293 StartupUART
0024   1683           00294         RAM1
0025   0099           00295         MOVWF   SPBRG
0026   3026           00296         MOVLW   B'100110'       ;(BRGH=1, trasmissione abilitata)
0027   0098           00297         MOVWF   TXSTA
MPASM  4.02 Released                       REMOTE CONTROL.ASM   10-18-2005  20:15:52         PAGE  8


LOC  OBJECT CODE     LINE SOURCE TEXT
  VALUE

0028   1283           00298         RAM0
                      00299 
0029   3090           00300         MOVLW   B'10010000'     ;(abilitazione porta seriale e ricezione)
002A   0098           00301         MOVWF   RCSTA
                      00302 
002B   0008           00303         RETURN
                      00304 ;==================================
                      00305 
                      00306 
                      00307 ;======================================================
                      00308 ;******** PULIZIA RAM BANK0 *****************************************
002C                  00309 CLEAR_RAM_0
002C   301F           00310         MOVLW   01FH            ;INIZIO RAM -1
002D   0084           00311         MOVWF   FSR
                      00312 
002E   0A84           00313 PR      INCF    FSR,F
002F   0180           00314         CLRF    INDF
0030   307F           00315         MOVLW   07FH            ;FINE RAM
0031   0604           00316         XORWF   FSR,W
0032   1D03           00317         SKPZ
0033   282E           00318         B       PR
                      00319 
0034   0008           00320         RETURN
                      00321 ;**********************************************************
                      00322 
                      00323 
                      00324 ;======================================================
                      00325 ;******** PULIZIA RAM BANK1 *****************************************
0035                  00326 CLEAR_RAM_1
0035   309F           00327         MOVLW   09FH            ;INIZIO RAM -1
0036   0084           00328         MOVWF   FSR
                      00329 
0037   0A84           00330 PURA1   INCF    FSR,F
0038   0180           00331         CLRF    INDF
0039   30EF           00332         MOVLW   0EFH            ;FINE RAM
003A   0604           00333         XORWF   FSR,W
003B   1D03           00334         SKPZ
003C   2837           00335         B       PURA1
                      00336 
003D   0008           00337         RETURN
                      00338 ;**********************************************************
                      00339 
                      00340 
                      00341 ;--------------------------------------------
003E                  00342 MAIN_LOOP
003E   0064           00343         CLRWDT
003F   2041           00344         CALL    INIZIO_TX_HCS
                      00345 
                      00346 
0040   283E           00347 MAIN3   B       MAIN_LOOP
                      00348 ;----------------------------------------------------------------------
                      00349 
                      00350 
MPASM  4.02 Released                       REMOTE CONTROL.ASM   10-18-2005  20:15:52         PAGE  9


LOC  OBJECT CODE     LINE SOURCE TEXT
  VALUE

                      00351         INCLUDE "HCS_TX.INC"
                      00001 
                      00002 ;++++++++++++++++++++++++++++++++++++++++++++++++++++++++++++++++
                      00003 ;TRASMISSIONE HCS
                      00004 
                      00005 #DEFINE TMR_HCS_ON      _TMR1ON
                      00006 
                      00007 ;****************************************************************
                      00008         CBLOCK  
                      00009 
  00000022            00010 FLAGS_HCS
                      00011 
                      00012 ; BUFFER DI TRASMISSIONE HCS
  00000023            00013 HCS1                    ;ROLLING CODE
  00000024            00014 HCS2                    ;ROLLING CODE
  00000025            00015 HCS3                    ;DISCRIMINANTE (LSB)
  00000026            00016 HCS4                    ;7:4 CHANNELS, 3:2 OVERFLOW BITS (UNUSED), DISCRIMINANTE (LSB)
  00000027            00017 HCS5                    ;SERIAL NUMBER (LSB)
  00000028            00018 HCS6                    ;SERIAL NUMBER
  00000029            00019 HCS7                    ;SERIAL NUMBER (MSB)
  0000002A            00020 HCS8                    ;7:4 CHANNELS CODE (S2, S1, S0, S3)
  0000002B            00021 HCS9                    ;1 REPEAT, 0 LOW BATT
                      00022 
  0000002C            00023 FASE_TX_HCS
                      00024 
  0000002D            00025 CARICA_TIMER_HCS_HI
  0000002E            00026 CARICA_TIMER_HCS_LO
                      00027 
  0000002F            00028 PUNTA_HCS
                      00029 
  00000030            00030 COUNT_BIT
                      00031 
  00000031            00032 TEMP_ROTATE
                      00033 
  00000032            00034 COUNT_PREAMBOLO
                      00035         ENDC
                      00036 
                      00037 
                      00038 ;-- ALIAS -------------------------------------------------------------
  00000001            00039 TMR_HCS EQU     TMR0
                      00040 
  00000032            00041 COUNT_HEADER    EQU     COUNT_PREAMBOLO
  00000032            00042 COUNT_DATA      EQU     COUNT_PREAMBOLO
                      00043 
                      00044 
                      00045 ;----------------------------------------------------------------
                      00046 ;
                      00047 ; CODE COMPOSITION INTO TRASMISSION BUFFER
                      00048 ;
                      00049 ;HCS1   BIT 7÷5         0       RESERVED, FORCED TO ZERO
                      00050 ;HCS1   BIT 4           0÷1     LEFT/RIGHT SIDE
                      00051 ;HCS1   BIT 3÷0         0÷F     SERIAL NUMBER HIGH
                      00052 
MPASM  4.02 Released                       REMOTE CONTROL.ASM   10-18-2005  20:15:52         PAGE 10


LOC  OBJECT CODE     LINE SOURCE TEXT
  VALUE

                      00053 ;HCS2   BIT 7÷0         00÷FF   SERIAL NUMBER
                      00054 
                      00055 ;HCS3   BIT 7÷0         00÷FF   SERIAL NUMBER
                      00056 
                      00057 ;HCS4   BIT 7÷0         00÷FF   SERIAL NUMBER LOW
                      00058 
                      00059 ;HCS5   BIT 7÷3         00÷0A   LEVEL CODE
                      00060 ;HCS5   BIT 2           0÷1     BEEPER
                      00061 ;HCS5   BIT 1÷0         0       PADDING
                      00062 
                      00063 ;HCS6   BIT 7÷0         00÷FF   CHECKSUM
                      00064 
                      00065 
                      00066 
                      00067 ; DURATA DI UN TE (TEMPO TIPICO)        400 MICROSECONDI
                      00068 ; DURATA DEL PREAMBOLO                   23 TE ALTERNATI HIGH-LOW-HIGH
                      00069 ; DURATA DEL HEADER                      10 TE LOW (4 MILLISECONDI DI PAUSA)
                      00070 ; DURATA DEL SINGOLO BIT                  3 TE: IL 1° HIGH, IL 3° LOW, IL 2° INVERTITO
                      00071 ;                                               DETERMINA IL DATO
                      00072 
                      00073 ;****** RE-DEFINE PORTA *****************************************
                      00074 #DEFINE PWM_HCS         PORTA,3 ;PIN DI TRASMISSIONE HCS
                      00075 
                      00076 
                      00077 ;****** FLAGS_HCS *****************************************
                      00078 #DEFINE TRASMISSIONE_HCS        FLAGS_HCS,0     ;
                      00079 #DEFINE ALTO1_BASSO0            FLAGS_HCS,1     ;FLAG DA INVERTIRE CHE DETERMINA TE2
                      00080 
                      00081         IFDEF   NO_COMMENT
                      00082 #DEFINE                 FLAGS_HCS,2     ;
                      00083 #DEFINE                 FLAGS_HCS,3     ;
                      00084 #DEFINE                 FLAGS_HCS,4     ;
                      00085 #DEFINE                 FLAGS_HCS,5     ;
                      00086 #DEFINE         FLAGS_HCS,6     ;
                      00087 #DEFINE         FLAGS_HCS,7     ;
                      00088 
                      00089 ;****** FLAGS_HCS2 *************************************
                      00090 ;#DEFINE                FLAGS_HCS2,0    ;
                      00091 #DEFINE         FLAGS_HCS2,1    ;
                      00092         ENDIF
                      00093 
                      00094 ;*******************************************************
                      00095 
                      00096 
                      00097 ;*******************************************************
0041                  00098 INIZIO_TX_HCS
                      00099 
                      00100 ;*** CARICARE BUFFER HCS
0041   1683           00101         RAM1
                      00102 
0042   1422           00103         SET     TRASMISSIONE_HCS
                      00104 
0043   01AC           00105         CLRF    FASE_TX_HCS
MPASM  4.02 Released                       REMOTE CONTROL.ASM   10-18-2005  20:15:52         PAGE 11


LOC  OBJECT CODE     LINE SOURCE TEXT
  VALUE

0044   3017           00106         MOVLW   .23
0045   00B2           00107         MOVWF   COUNT_PREAMBOLO
                      00108 
0046   3023           00109         LW      HCS1
0047   00AF           00110         WF      PUNTA_HCS
                      00111 
0048   0823           00112         FW      HCS1
0049   00B1           00113         WF      TEMP_ROTATE
                      00114 
004A   3008           00115         LW      .8
004B   00B0           00116         WF      COUNT_BIT
                      00117 
                      00118         ;LW     0BH             ;COMPARE MODE, TRIGGER SPECIAL EVENT (CCP1 RESETS TMR1)
                      00119         ;WF     CCP1CON
                      00120 
004C   207E           00121         CALL    SET_TMR_TX
                      00122 
004D   0008           00123 ITH_X   RETURN
                      00124 ;*******************************************************
                      00125 
                      00126 
                      00127 ;*******************************************************
004E                  00128 FASE_PREAMBOLO
004E   3008           00129         MOVLW   08H             ;1      ;TRASMISSIONE PREAMBOLO
004F   0685           00130         XORWF   PORTA,F         ;2
                      00131 
0050   0BB2           00132         DECFSZ  COUNT_PREAMBOLO,F
0051   2855           00133         B       FP_X
                      00134 
0052   300A           00135         MOVLW   .10
0053   00B2           00136         MOVWF   COUNT_HEADER
0054   0AAC           00137         INCF    FASE_TX_HCS,F
                      00138 
0055   288F           00139 FP_X    B       GTH_X
                      00140 ;*******************************************************
                      00141 
                      00142 
                      00143 ;*******************************************************
0056                  00144 FASE_HEADER
0056   0000           00145         NOP                     ;1
0057   1185           00146         CANC    PWM_HCS         ;2      ;TRASMISSIONE HEADER
                      00147 
0058   0BB2           00148         DECFSZ  COUNT_HEADER,F
0059   285D           00149         B       FH_X
                      00150 
005A   3042           00151         MOVLW   .66             ;66 NORMALMENTE, A VOLTE SOLO SOLO 64
005B   00B2           00152         MOVWF   COUNT_DATA
005C   0AAC           00153         INCF    FASE_TX_HCS,F
                      00154 
005D   288F           00155 FH_X    B       GTH_X
                      00156 ;*******************************************************
                      00157 
                      00158 
MPASM  4.02 Released                       REMOTE CONTROL.ASM   10-18-2005  20:15:52         PAGE 12


LOC  OBJECT CODE     LINE SOURCE TEXT
  VALUE

                      00159 ;*******************************************************
005E                  00160 FASE_PWM_HI
005E   0000           00161         NOP                     ;1
005F   1585           00162         SET     PWM_HCS         ;2
                      00163 
0060   2070           00164         CALL    CALCOLA_PIN
0061   0AAC           00165         INCF    FASE_TX_HCS,F   ;1
                      00166 
0062   288F           00167 FPH_X   B       GTH_X
                      00168 ;*******************************************************
                      00169 
                      00170 
                      00171 ;*******************************************************
0063                  00172 FASE_PWM_DATA                   ;IL PIN ARRIVA ALTO...
0063   18A2           00173         IFSET   ALTO1_BASSO0    ;1      ;...SE DEVO TRASMETTERE 1... 
0064   1185           00174         CANC    PWM_HCS         ;2      ;...LO INVERTO,...
                      00175                                 ;...SE DEVO TRASMETTERE 0 LO LASCIO ALTO
0065   0AAC           00176         INCF    FASE_TX_HCS,F
0066   288F           00177         B       GTH_X
                      00178 ;*******************************************************
                      00179 
                      00180 
                      00181 ;*******************************************************
0067                  00182 FASE_PWM_LO
0067   0000           00183         NOP                     ;1
0068   1185           00184         CANC    PWM_HCS         ;2
                      00185 
0069   03AC           00186         DECF    FASE_TX_HCS,F
006A   03AC           00187         DECF    FASE_TX_HCS,F
                      00188 
006B   0BB2           00189         DECFSZ  COUNT_DATA,F
006C   286F           00190         B       FPL_X
                      00191 
006D   1022           00192         CANC    TRASMISSIONE_HCS
                      00193 
006E   2083           00194         CALL    CANC_TMR_TX
                      00195 
006F   288F           00196 FPL_X   B       GTH_X
                      00197 ;*******************************************************
                      00198 
                      00199 
                      00200 ;*******************************************************
0070                  00201 CALCOLA_PIN
0070   10A2           00202         CANC    ALTO1_BASSO0
0071   0CB1           00203         RRF     TEMP_ROTATE,F
0072   1803           00204         SKPNC
0073   14A2           00205         SET     ALTO1_BASSO0
                      00206         
0074   0BB0           00207         DECFSZ  COUNT_BIT,F
0075   287D           00208         B       CP_X
                      00209 
0076   0AAF           00210         INCF    PUNTA_HCS,F
0077   082F           00211         FW      PUNTA_HCS
MPASM  4.02 Released                       REMOTE CONTROL.ASM   10-18-2005  20:15:52         PAGE 13


LOC  OBJECT CODE     LINE SOURCE TEXT
  VALUE

0078   0084           00212         WF      FSR
0079   0800           00213         FW      INDF
007A   00B1           00214         WF      TEMP_ROTATE
                      00215 
007B   3008           00216         MOVLW   .8
007C   00B0           00217         MOVWF   COUNT_BIT
                      00218 
007D   0008           00219 CP_X    RETURN
                      00220 ;*******************************************************
                      00221 
                      00222 
                      00223 ;*******************************************************
007E                  00224 SET_TMR_TX
007E   3038           00225         LW      -.200
007F   0081           00226         WF      TMR_HCS
                      00227 
0080   110B           00228         CANC    _T0IF
0081   168B           00229         SET     _T0IE
                      00230 
0082   0008           00231         RETURN
                      00232 ;*******************************************************
                      00233 
                      00234 
                      00235 ;*******************************************************
0083                  00236 CANC_TMR_TX
                      00237 
0083   128B           00238         CANC    _T0IE
0084   1022           00239         CANC    TRASMISSIONE_HCS
                      00240 
0085   0008           00241         RETURN
                      00242 ;*******************************************************
                      00243 
                      00244 
                      00245 ;*******************************************************
0086                  00246 GESTIONE_TMR_HCS
0086   3000           00247         LW      HIGH    TAB_FASE_HCS
0087   008A           00248         WF      PCLATH
                      00249         ;ORG
0088   082C           00250         FW      FASE_TX_HCS
0089   0782           00251         ADDWF   PCL,F
                      00252 
008A                  00253 TAB_FASE_HCS
008A   284E           00254         B       FASE_PREAMBOLO  ;0
008B   2856           00255         B       FASE_HEADER     ;1
008C   285E           00256         B       FASE_PWM_HI     ;2
008D   2863           00257         B       FASE_PWM_DATA   ;3
008E                  00258 END_TAB_FASE_HCS
008E   2867           00259         B       FASE_PWM_LO     ;4
                      00260 
                      00261         IF HIGH(TAB_FASE_HCS) != HIGH(END_TAB_FASE_HCS)
                      00262         ERROR "TAB_COMANDO: OVERFLOW del PCL"
                      00263         ENDIF
                      00264 
MPASM  4.02 Released                       REMOTE CONTROL.ASM   10-18-2005  20:15:52         PAGE 14


LOC  OBJECT CODE     LINE SOURCE TEXT
  VALUE

008F   0008           00265 GTH_X   RETURN                  ;A INTERRUPT
                      00266 ;*******************************************************
                      00267 
                      00352 
                      00353 
                      00354 ;*********************************************
0090                  00355 INTERRUPT
                      00356 ;Servo l'interrupt
0090   1D0B           00357 ISR     BTFSS   _T0IF
0091   1E8B           00358         BTFSS   _T0IE
0092   2899           00359         B       ISR_X
                      00360 
                      00361 ;=======================================
                      00362 ;*** BASE TEMPI OGNI 204,8 µS [(256 (CICLI) * 4 (PRESCALE) / 5 (QUARZO 20 MHZ)]
0093   110B           00363         BCF     _T0IF
                      00364 
0094   1C22           00365         SS      TRASMISSIONE_HCS
0095   2890           00366         B       ISR
                      00367 
0096   30C8           00368         LW      .200
0097   0281           00369         SUBWF   TMR_HCS,F
                      00370 
0098   2086           00371         CALL    GESTIONE_TMR_HCS
                      00372 
                      00373 ;=======================================
0099                  00374 ISR_X
0099   1283           00375 POP     RAM0
009A   0821           00376         MOVFW   BI_STATUS       ;RIPRISTINO DELLO STATUS
009B   0083           00377         MOVWF   STATUS
009C   0EFF           00378         SWAPF   BI_WREG,F       ;RIPRISTINO DEL WREG
009D   0E7F           00379         SWAPF   BI_WREG,W
009E   0009           00380         RETFIE
                      00381 ;**************************************************************
                      00382 
                      00383 
                      00384         END
MPASM  4.02 Released                       REMOTE CONTROL.ASM   10-18-2005  20:15:52         PAGE 15


SYMBOL TABLE
  LABEL                             VALUE 

ADCON0                            0000001F
ADCON1                            0000009F
ADCS0                             00000004
ADCS1                             00000005
ADCS2                             00000006
ADDEN                             00000003
ADFM                              00000007
ADIE                              00000006
ADIF                              00000006
ADON                              00000000
ADRESH                            0000001E
ADRESL                            0000009E
ALTO1_BASSO0                      FLAGS_HCS,1
AN0                               00000000
AN1                               00000001
AN2                               00000002
AN3                               00000003
AN4                               00000004
ANSEL                             00000091
BANK0                             BCF     STATUS,RP0
BANK1                             BSF     STATUS,RP0
BF                                00000000
BIASMD                            00000006
BI_STATUS                         00000021
BI_WREG                           0000007F
BRGH                              00000002
C                                 00000000
C1IE                              00000005
C1IF                              00000005
C1INV                             00000004
C1OUT                             00000006
C2IE                              00000006
C2IF                              00000006
C2INV                             00000005
C2OUT                             00000007
C2SYNC                            00000000
CALCOLA_PIN                       00000070
CANC                              BCF
CANC_TMR_TX                       00000083
CARICA_TIMER_HCS_HI               0000002D
CARICA_TIMER_HCS_LO               0000002E
CCP1CON                           00000017
CCP1IE                            00000002
CCP1IF                            00000002
CCP1M0                            00000000
CCP1M1                            00000001
CCP1M2                            00000002
CCP1M3                            00000003
CCP1X                             00000005
CCP1Y                             00000004
CCPR1H                            00000016
CCPR1L                            00000015
CHS0                              00000002
MPASM  4.02 Released                       REMOTE CONTROL.ASM   10-18-2005  20:15:52         PAGE 16


SYMBOL TABLE
  LABEL                             VALUE 

CHS1                              00000003
CHS2                              00000004
CIS                               00000003
CKE                               00000006
CKP                               00000004
CLEAR_RAM_0                       0000002C
CLEAR_RAM_1                       00000035
CM0                               00000000
CM1                               00000001
CM2                               00000002
CMCON0                            0000009C
CMCON1                            00000097
COUNT_BIT                         00000030
COUNT_DATA                        00000032
COUNT_HEADER                      00000032
COUNT_PREAMBOLO                   00000032
CP_X                              0000007D
CREN                              00000004
CS0                               00000002
CS1                               00000003
CSRC                              00000007
D                                 00000005
DATA_ADDRESS                      00000005
DC                                00000001
D_A                               00000005
EEADRH                            0000010F
EEADRL                            0000010D
EECON1                            0000018C
EECON2                            0000018D
EEDATH                            0000010E
EEDATL                            0000010C
EEIE                              00000007
EEIF                              00000007
EEPGD                             00000007
EERD                              00000000
EEWR                              00000001
END_TAB_FASE_HCS                  0000008E
F                                 00000001
FASE_HEADER                       00000056
FASE_PREAMBOLO                    0000004E
FASE_PWM_DATA                     00000063
FASE_PWM_HI                       0000005E
FASE_PWM_LO                       00000067
FASE_TX_HCS                       0000002C
FERR                              00000002
FH_X                              0000005D
FINE_RAM_0                        00000000
FLAGS                             00000020
FLAGS_HCS                         00000022
FPH_X                             00000062
FPL_X                             0000006F
FP_X                              00000055
FSR                               00000004
MPASM  4.02 Released                       REMOTE CONTROL.ASM   10-18-2005  20:15:52         PAGE 17


SYMBOL TABLE
  LABEL                             VALUE 

FW                                MOVFW
GESTIONE_TMR_HCS                  00000086
GIE                               00000007
GO_DONE                           00000001
GTH_X                             0000008F
HCS1                              00000023
HCS2                              00000024
HCS3                              00000025
HCS4                              00000026
HCS5                              00000027
HCS6                              00000028
HCS7                              00000029
HCS8                              0000002A
HCS9                              0000002B
HTS                               00000002
I2C_DATA                          00000005
I2C_READ                          00000002
I2C_START                         00000003
I2C_STOP                          00000004
IFCANC                            BTFSS
IFSET                             BTFSC
INDF                              00000000
INITPORTS                         0000000F
INIZIO_TX_HCS                     00000041
INTCON                            0000000B
INTE                              00000004
INTEDG                            00000006
INTERRUPT                         00000090
INTF                              00000001
IOC                               00000096
IOC4                              00000004
IOC5                              00000005
IOC6                              00000006
IOC7                              00000007
IOCB                              00000096
IOCB4                             00000004
IOCB5                             00000005
IOCB6                             00000006
IOCB7                             00000007
IRCF0                             00000004
IRCF1                             00000005
IRCF2                             00000006
IRP                               00000007
IRVST                             00000005
ISR                               00000090
ISR_X                             00000099
ITH_X                             0000004D
KEY1_HI                           00000000
KEY2                              00000000
KEY3                              00000000
KEY4                              00000000
KEY5                              00000000
KEY6                              00000000
MPASM  4.02 Released                       REMOTE CONTROL.ASM   10-18-2005  20:15:52         PAGE 18


SYMBOL TABLE
  LABEL                             VALUE 

KEY7                              00000000
KEY8_LO                           00000000
KEY_DEFAULT                       1
LCDA                              00000005
LCDCON                            00000107
LCDDATA0                          00000110
LCDDATA1                          00000111
LCDDATA10                         0000011A
LCDDATA3                          00000113
LCDDATA4                          00000114
LCDDATA6                          00000116
LCDDATA7                          00000117
LCDDATA9                          00000119
LCDEN                             00000007
LCDIE                             00000004
LCDIF                             00000004
LCDPS                             00000108
LCDSE0                            0000011C
LCDSE1                            0000011D
LMUX0                             00000000
LMUX1                             00000001
LP0                               00000000
LP1                               00000001
LP2                               00000002
LP3                               00000003
LTS                               00000001
LVDCON                            00000109
LVDEN                             00000004
LVDIE                             00000002
LVDIF                             00000002
LVDL0                             00000000
LVDL1                             00000001
LVDL2                             00000002
LW                                MOVLW
MAIN3                             00000040
MAIN_LOOP                         0000003E
MANTENIMENTO_RELE                 00000006
NOT_A                             00000005
NOT_ADDRESS                       00000005
NOT_BO                            00000000
NOT_BOR                           00000000
NOT_DONE                          00000001
NOT_PD                            00000003
NOT_POR                           00000001
NOT_RBPU                          00000007
NOT_RC8                           00000006
NOT_T1SYNC                        00000002
NOT_TO                            00000004
NOT_TX8                           00000006
NOT_W                             00000002
NOT_WRITE                         00000002
OERR                              00000001
OPTION_REG                        00000081
MPASM  4.02 Released                       REMOTE CONTROL.ASM   10-18-2005  20:15:52         PAGE 19


SYMBOL TABLE
  LABEL                             VALUE 

OSCCON                            0000008F
OSCTUNE                           00000090
OSFIE                             00000007
OSFIF                             00000007
OSTS                              00000003
P                                 00000004
PCL                               00000002
PCLATH                            0000000A
PCON                              0000008E
PEIE                              00000006
PIC916                            1
PIE1                              0000008C
PIE2                              0000008D
PIR1                              0000000C
PIR2                              0000000D
POP                               00000099
PORTA                             00000005
PORTB                             00000006
PORTC                             00000007
PORTE                             00000009
PR                                0000002E
PR2                               00000092
PRIMA_FINESTRA                    000001F4
PS0                               00000000
PS1                               00000001
PS2                               00000002
PSA                               00000003
PUNTA_HCS                         0000002F
PURA1                             00000037
PUSH                              00000004
PWM_HCS                           PORTA,3
R                                 00000002
RAM0                              BCF     STATUS,RP0
RAM1                              BSF     STATUS,RP0
RAM_0                             BCF     STATUS,RP0
RAM_1                             BSF     STATUS,RP0
RBIE                              00000003
RBIF                              00000000
RC8_9                             00000006
RC9                               00000006
RCD8                              00000000
RCIE                              00000005
RCIF                              00000005
RCREG                             0000001A
RCSTA                             00000018
RD                                00000000
READ_WRITE                        00000002
RICEVUTO_HCS                      FLAGS,0
RP0                               00000005
RP1                               00000006
RX9                               00000006
RX9D                              00000000
R_W                               00000002
MPASM  4.02 Released                       REMOTE CONTROL.ASM   10-18-2005  20:15:52         PAGE 20


SYMBOL TABLE
  LABEL                             VALUE 

S                                 00000003
S0C0                              00000000
S0C1                              00000000
S0C2                              00000000
S0C3                              00000000
S10C0                             00000002
S10C1                             00000002
S10C2                             00000002
S10C3                             00000002
S11C0                             00000003
S11C1                             00000003
S11C2                             00000003
S11C3                             00000003
S12C0                             00000004
S12C1                             00000004
S12C2                             00000004
S12C3                             00000004
S13C0                             00000005
S13C1                             00000005
S13C2                             00000005
S13C3                             00000005
S14C0                             00000006
S14C1                             00000006
S14C2                             00000006
S14C3                             00000006
S15C0                             00000007
S15C1                             00000007
S15C2                             00000007
S15C3                             00000007
S1C0                              00000001
S1C1                              00000001
S1C2                              00000001
S1C3                              00000001
S2C0                              00000002
S2C1                              00000002
S2C2                              00000002
S2C3                              00000002
S3C0                              00000003
S3C1                              00000003
S3C2                              00000003
S3C3                              00000003
S4C0                              00000004
S4C1                              00000004
S4C2                              00000004
S4C3                              00000004
S5C0                              00000005
S5C1                              00000005
S5C2                              00000005
S5C3                              00000005
S6C0                              00000006
S6C1                              00000006
S6C2                              00000006
S6C3                              00000006
MPASM  4.02 Released                       REMOTE CONTROL.ASM   10-18-2005  20:15:52         PAGE 21


SYMBOL TABLE
  LABEL                             VALUE 

S7C0                              00000007
S7C1                              00000007
S7C2                              00000007
S7C3                              00000007
S8C0                              00000000
S8C1                              00000000
S8C2                              00000000
S8C3                              00000000
S9C0                              00000001
S9C1                              00000001
S9C2                              00000001
S9C3                              00000001
SBOREN                            00000004
SC                                BTFSC
SCS                               00000000
SE0                               00000000
SE1                               00000001
SE10                              00000002
SE11                              00000003
SE12                              00000004
SE13                              00000005
SE14                              00000006
SE15                              00000007
SE2                               00000002
SE3                               00000003
SE4                               00000004
SE5                               00000005
SE6                               00000006
SE7                               00000007
SE8                               00000000
SE9                               00000001
SECONDA_FINESTRA                  00001388
SEED_ALBANO                       1
SEED_HI                           0000414C
SEED_LO                           00004241
SEG0COM0                          00000000
SEG0COM1                          00000000
SEG0COM2                          00000000
SEG0COM3                          00000000
SEG10COM0                         00000002
SEG10COM1                         00000002
SEG10COM2                         00000002
SEG10COM3                         00000002
SEG11COM0                         00000003
SEG11COM1                         00000003
SEG11COM2                         00000003
SEG11COM3                         00000003
SEG12COM0                         00000004
SEG12COM1                         00000004
SEG12COM2                         00000004
SEG12COM3                         00000004
SEG13COM0                         00000005
SEG13COM1                         00000005
MPASM  4.02 Released                       REMOTE CONTROL.ASM   10-18-2005  20:15:52         PAGE 22


SYMBOL TABLE
  LABEL                             VALUE 

SEG13COM2                         00000005
SEG13COM3                         00000005
SEG14COM0                         00000006
SEG14COM1                         00000006
SEG14COM2                         00000006
SEG14COM3                         00000006
SEG15COM0                         00000007
SEG15COM1                         00000007
SEG15COM2                         00000007
SEG15COM3                         00000007
SEG1COM0                          00000001
SEG1COM1                          00000001
SEG1COM2                          00000001
SEG1COM3                          00000001
SEG2COM0                          00000002
SEG2COM1                          00000002
SEG2COM2                          00000002
SEG2COM3                          00000002
SEG3COM0                          00000003
SEG3COM1                          00000003
SEG3COM2                          00000003
SEG3COM3                          00000003
SEG4COM0                          00000004
SEG4COM1                          00000004
SEG4COM2                          00000004
SEG4COM3                          00000004
SEG5COM0                          00000005
SEG5COM1                          00000005
SEG5COM2                          00000005
SEG5COM3                          00000005
SEG6COM0                          00000006
SEG6COM1                          00000006
SEG6COM2                          00000006
SEG6COM3                          00000006
SEG7COM0                          00000007
SEG7COM1                          00000007
SEG7COM2                          00000007
SEG7COM3                          00000007
SEG8COM0                          00000000
SEG8COM1                          00000000
SEG8COM2                          00000000
SEG8COM3                          00000000
SEG9COM0                          00000001
SEG9COM1                          00000001
SEG9COM2                          00000001
SEG9COM3                          00000001
SEGEN0                            00000000
SEGEN1                            00000001
SEGEN10                           00000002
SEGEN11                           00000003
SEGEN12                           00000004
SEGEN13                           00000005
SEGEN14                           00000006
MPASM  4.02 Released                       REMOTE CONTROL.ASM   10-18-2005  20:15:52         PAGE 23


SYMBOL TABLE
  LABEL                             VALUE 

SEGEN15                           00000007
SEGEN2                            00000002
SEGEN3                            00000003
SEGEN4                            00000004
SEGEN5                            00000005
SEGEN6                            00000006
SEGEN7                            00000007
SEGEN8                            00000000
SEGEN9                            00000001
SET                               BSF
SET_TMR_TX                        0000007E
SKPB                              SKPNC
SKPNB                             SKPC
SLPEN                             00000006
SMP                               00000007
SPBRG                             00000099
SPEN                              00000007
SREN                              00000005
SS                                BTFSS
SSPADD                            00000093
SSPBUF                            00000013
SSPCON                            00000014
SSPEN                             00000005
SSPIE                             00000003
SSPIF                             00000003
SSPM0                             00000000
SSPM1                             00000001
SSPM2                             00000002
SSPM3                             00000003
SSPOV                             00000006
SSPSTAT                           00000094
START                             00000018
STATUS                            00000003
ST_X                              00000023
SWDTE                             00000000
SWDTEN                            00000000
SYNC                              00000004
StartupUART                       00000024
T0CS                              00000005
T0IE                              00000005
T0IF                              00000002
T0SE                              00000004
T1CKPS0                           00000004
T1CKPS1                           00000005
T1CON                             00000010
T1GE                              00000006
T1GINV                            00000007
T1GSS                             00000001
T1INSYNC                          00000002
T1OSCEN                           00000003
T1SYNC                            00000002
T2CKPS0                           00000000
T2CKPS1                           00000001
MPASM  4.02 Released                       REMOTE CONTROL.ASM   10-18-2005  20:15:52         PAGE 24


SYMBOL TABLE
  LABEL                             VALUE 

T2CON                             00000012
TABLE                             00000009
TAB_FASE_HCS                      0000008A
TEMPO_LEARN                       0000000F
TEMPO_RESET                       00000005
TEMP_ROTATE                       00000031
TMR0                              00000001
TMR0IE                            00000005
TMR0IF                            00000002
TMR1CS                            00000001
TMR1H                             0000000F
TMR1IE                            00000000
TMR1IF                            00000000
TMR1L                             0000000E
TMR1ON                            00000000
TMR2                              00000011
TMR2IE                            00000001
TMR2IF                            00000001
TMR2ON                            00000002
TMR_HCS                           00000001
TMR_HCS_ON                        _TMR1ON
TOUTPS0                           00000003
TOUTPS1                           00000004
TOUTPS2                           00000005
TOUTPS3                           00000006
TRASMISSIONE_HCS                  FLAGS_HCS,0
TRISA                             00000085
TRISB                             00000086
TRISC                             00000087
TRISE                             00000089
TRMT                              00000001
TUN0                              00000000
TUN1                              00000001
TUN2                              00000002
TUN3                              00000003
TUN4                              00000004
TX8_9                             00000006
TX9                               00000006
TX9D                              00000000
TXD8                              00000000
TXEN                              00000005
TXIE                              00000004
TXIF                              00000004
TXREG                             00000019
TXSTA                             00000098
TX_RF                             PORTD,7
T_LEARN                           00000096
UA                                00000001
VCFG0                             00000005
VCFG1                             00000006
VLCDEN                            00000004
VR0                               00000000
VR1                               00000001
MPASM  4.02 Released                       REMOTE CONTROL.ASM   10-18-2005  20:15:52         PAGE 25


SYMBOL TABLE
  LABEL                             VALUE 

VR2                               00000002
VR3                               00000003
VRCON                             0000009D
VREN                              00000007
VRR                               00000005
W                                 00000000
WA                                00000004
WCOL                              00000007
WDTCON                            00000105
WDTPS0                            00000001
WDTPS1                            00000002
WDTPS2                            00000003
WDTPS3                            00000004
WERR                              00000005
WF                                MOVWF
WFT                               00000007
WPU                               00000095
WPU0                              00000000
WPU1                              00000001
WPU2                              00000002
WPU3                              00000003
WPU4                              00000004
WPU5                              00000005
WPU6                              00000006
WPU7                              00000007
WPUB                              00000095
WPUB0                             00000000
WPUB1                             00000001
WPUB2                             00000002
WPUB3                             00000003
WPUB4                             00000004
WPUB5                             00000005
WPUB6                             00000006
WPUB7                             00000007
WR                                00000001
WREN                              00000002
WRERR                             00000003
Z                                 00000002
_BOD_NSLEEP                       00003EFF
_BOD_OFF                          00003CFF
_BOD_ON                           00003FFF
_BOD_SBODEN                       00003DFF
_C                                STATUS,C
_CCP1IE                           PIE1,CCP1IE
_CCP1IF                           PIR1,CCP1IF
_CONFIG                           00002007
_CPD_OFF                          00003FFF
_CPD_ON                           00003F7F
_CP_OFF                           00003FFF
_CP_ON                            00003FBF
_DEBUG_OFF                        00003FFF
_DEBUG_ON                         00002FFF
_EC_OSC                           00003FFB
MPASM  4.02 Released                       REMOTE CONTROL.ASM   10-18-2005  20:15:52         PAGE 26


SYMBOL TABLE
  LABEL                             VALUE 

_EXTRC                            00003FFF
_EXTRCIO                          00003FFE
_EXTRC_OSC_CLKOUT                 00003FFF
_EXTRC_OSC_NOCLKOUT               00003FFE
_FCMEN_OFF                        000037FF
_FCMEN_ON                         00003FFF
_GIE                              INTCON,GIE
_HS_OSC                           00003FFA
_IESO_OFF                         00003BFF
_IESO_ON                          00003FFF
_INTE                             INTCON,INTE
_INTF                             INTCON,INTF
_INTOSC                           00003FFD
_INTOSCIO                         00003FFC
_INTRC_OSC_CLKOUT                 00003FFD
_INTRC_OSC_NOCLKOUT               00003FFC
_IRP                              STATUS,IRP
_LP_OSC                           00003FF8
_MCLRE_OFF                        00003FDF
_MCLRE_ON                         00003FFF
_PEIE                             INTCON,PEIE
_PWRTE_OFF                        00003FFF
_PWRTE_ON                         00003FEF
_RCIF                             PIR1,RCIF
_T0IE                             INTCON,T0IE
_T0IF                             INTCON,T0IF
_TMR1IE                           PIE1,TMR1IE
_TMR1IF                           PIR1,TMR1IF
_TMR1ON                           T1CON,TMR1ON
_WDT_OFF                          00003FF7
_WDT_ON                           00003FFF
_XT_OSC                           00003FF9
__16F916                          00000001
fineRX                            FLAGS,2
lanciaInterrupt                   00000021


MEMORY USAGE MAP ('X' = Used,  '-' = Unused)

0000 : X---XXXXXXXXXXXX XXXXXXXXXXXXXXXX XXXXXXXXXXXXXXXX XXXXXXXXXXXXXXXX
0040 : XXXXXXXXXXXXXXXX XXXXXXXXXXXXXXXX XXXXXXXXXXXXXXXX XXXXXXXXXXXXXXXX
0080 : XXXXXXXXXXXXXXXX XXXXXXXXXXXXXXX- ---------------- ----------------
2000 : -------X-------- ---------------- ---------------- ----------------

All other memory blocks unused.

Program Memory Words Used:   156
Program Memory Words Free:  8036


MPASM  4.02 Released                       REMOTE CONTROL.ASM   10-18-2005  20:15:52         PAGE 27





Errors   :     1
Warnings :     0 reported,     0 suppressed
Messages :     0 reported,     5 suppressed

